  StdAfx.cpp
D:\Windows Kits\10\Include\10.0.18362.0\um\GdiplusHeaders.h(701,40): warning C4458: “nativeCap”的声明隐藏了类成员
D:\Windows Kits\10\Include\10.0.18362.0\um\GdiplusHeaders.h(716,22): message : 参见“Gdiplus::CustomLineCap::nativeCap”的声明
D:\Windows Kits\10\Include\10.0.18362.0\um\GdiplusImageAttributes.h(368,48): warning C4458: “nativeImageAttr”的声明隐藏了类成员
D:\Windows Kits\10\Include\10.0.18362.0\um\GdiplusImageAttributes.h(382,24): message : 参见“Gdiplus::ImageAttributes::nativeImageAttr”的声明
D:\Windows Kits\10\Include\10.0.18362.0\um\GdiplusMatrix.h(301,36): warning C4458: “nativeMatrix”的声明隐藏了类成员
D:\Windows Kits\10\Include\10.0.18362.0\um\GdiplusMatrix.h(315,15): message : 参见“Gdiplus::Matrix::nativeMatrix”的声明
D:\Windows Kits\10\Include\10.0.18362.0\um\GdiplusBrush.h(95,34): warning C4458: “nativeBrush”的声明隐藏了类成员
D:\Windows Kits\10\Include\10.0.18362.0\um\GdiplusBrush.h(108,14): message : 参见“Gdiplus::Brush::nativeBrush”的声明
D:\Windows Kits\10\Include\10.0.18362.0\um\GdiplusPen.h(467,30): warning C4458: “nativePen”的声明隐藏了类成员
D:\Windows Kits\10\Include\10.0.18362.0\um\GdiplusPen.h(481,12): message : 参见“Gdiplus::Pen::nativePen”的声明
D:\Windows Kits\10\Include\10.0.18362.0\um\GdiplusPath.h(891,32): warning C4458: “nativePath”的声明隐藏了类成员
D:\Windows Kits\10\Include\10.0.18362.0\um\GdiplusPath.h(905,13): message : 参见“Gdiplus::GraphicsPath::nativePath”的声明
D:\Windows Kits\10\Include\10.0.18362.0\um\GdiplusPath.h(1078,44): warning C4458: “nativeIterator”的声明隐藏了类成员
D:\Windows Kits\10\Include\10.0.18362.0\um\GdiplusPath.h(1092,21): message : 参见“Gdiplus::GraphicsPathIterator::nativeIterator”的声明
E:\Code\GKD\ToolKits\duilib\Control\Label.h(339,1): warning C4456: “clrColor”的声明隐藏了上一个本地声明
E:\Code\GKD\ToolKits\duilib\Control\Label.h(328,15): message : 参见“clrColor”的声明
E:\Code\GKD\ToolKits\duilib\Control\Label.h(310): message : 在编译 类 模板 成员函数“void ui::LabelTemplate<ui::Control>::PaintText(ui::IRenderContext *)”时
E:\Code\GKD\ToolKits\duilib\Control\Progress.h(10): message : 查看对正在编译的 类 模板 实例化“ui::LabelTemplate<ui::Control>”的引用
E:\Code\GKD\ToolKits\duilib\Control\Label.h(341,1): warning C4456: “dwClrColor”的声明隐藏了上一个本地声明
E:\Code\GKD\ToolKits\duilib\Control\Label.h(329,8): message : 参见“dwClrColor”的声明
E:\Code\GKD\ToolKits\duilib\Control\Label.h(346,1): warning C4456: “clrColor”的声明隐藏了上一个本地声明
E:\Code\GKD\ToolKits\duilib\Control\Label.h(339,17): message : 参见“clrColor”的声明
E:\Code\GKD\ToolKits\duilib\Control\Label.h(348,1): warning C4456: “dwClrColor”的声明隐藏了上一个本地声明
E:\Code\GKD\ToolKits\duilib\Control\Label.h(329,8): message : 参见“dwClrColor”的声明
  AnimationManager.cpp
  AnimationPlayer.cpp
  ChildBox.cpp
  HBox.cpp
  TabBox.cpp
  TileBox.cpp
  VBox.cpp
  CircleProgress.cpp
  VirtualListBox.cpp
  Define.cpp
  Image.cpp
  Placeholder.cpp
  Bitmap.cpp
  Brush.cpp
  Clip.cpp
  Factory.cpp
  IRender.cpp
  Matrix.cpp
  Path.cpp
E:\Code\GKD\ToolKits\duilib\Render\Path.cpp(59,33): warning C4267: “参数”: 从“size_t”转换到“INT”，可能丢失数据
E:\Code\GKD\ToolKits\duilib\Render\Path.cpp(74,33): warning C4267: “参数”: 从“size_t”转换到“INT”，可能丢失数据
E:\Code\GKD\ToolKits\duilib\Render\Path.cpp(114,35): warning C4267: “参数”: 从“size_t”转换到“INT”，可能丢失数据
  Pen.cpp
  正在编译...
  Render.cpp
E:\Code\GKD\ToolKits\duilib\Render\Render.cpp(9,41): warning C4838: 从“int”转换到“BYTE”需要收缩转换
  UIlib.cpp
  ApiWrapper.cpp
  DpiManager.cpp
  MultiLangSupport.cpp
  OnScreenKeyboardManager.cpp
  Shadow.cpp
  StringUtil.cpp
  TimerManager.cpp
  Window.cpp
E:\Code\GKD\ToolKits\duilib\Core\Window.cpp(246,7): warning C4189: “p_hwnd”: 局部变量已初始化但不引用
E:\Code\GKD\ToolKits\duilib\Core\Window.cpp(1864,40): warning C4838: 从“int”转换到“BYTE”需要收缩转换
  Box.cpp
E:\Code\GKD\ToolKits\duilib\Core\Box.cpp(280,20): warning C4456: “callback”的声明隐藏了上一个本地声明
E:\Code\GKD\ToolKits\duilib\Core\Box.cpp(263,8): message : 参见“callback”的声明
E:\Code\GKD\ToolKits\duilib\Core\Box.cpp(315,19): warning C4456: “callback”的声明隐藏了上一个本地声明
E:\Code\GKD\ToolKits\duilib\Core\Box.cpp(298,7): message : 参见“callback”的声明
  Control.cpp
E:\Code\GKD\ToolKits\duilib\Core\Control.cpp(751,20): warning C4456: “callback”的声明隐藏了上一个本地声明
E:\Code\GKD\ToolKits\duilib\Core\Control.cpp(734,8): message : 参见“callback”的声明
E:\Code\GKD\ToolKits\duilib\Core\Control.cpp(786,36): warning C4302: “类型强制转换”: 从“LPWSTR”到“WORD”截断
E:\Code\GKD\ToolKits\duilib\Core\Control.cpp(789,36): warning C4302: “类型强制转换”: 从“LPWSTR”到“WORD”截断
E:\Code\GKD\ToolKits\duilib\Core\Control.cpp(794,35): warning C4302: “类型强制转换”: 从“LPWSTR”到“WORD”截断
E:\Code\GKD\ToolKits\duilib\Core\Control.cpp(798,35): warning C4302: “类型强制转换”: 从“LPWSTR”到“WORD”截断
  WindowBuilder.cpp
E:\Code\GKD\ToolKits\duilib\Core\WindowBuilder.cpp(65,22): warning C4456: “nAttributes”的声明隐藏了上一个本地声明
E:\Code\GKD\ToolKits\duilib\Core\WindowBuilder.cpp(57,7): message : 参见“nAttributes”的声明
E:\Code\GKD\ToolKits\duilib\Core\WindowBuilder.cpp(91,23): warning C4456: “nAttributes”的声明隐藏了上一个本地声明
E:\Code\GKD\ToolKits\duilib\Core\WindowBuilder.cpp(57,7): message : 参见“nAttributes”的声明
E:\Code\GKD\ToolKits\duilib\Core\WindowBuilder.cpp(96,21): warning C4456: “pstr”的声明隐藏了上一个本地声明
E:\Code\GKD\ToolKits\duilib\Core\WindowBuilder.cpp(60,10): message : 参见“pstr”的声明
E:\Code\GKD\ToolKits\duilib\Core\WindowBuilder.cpp(123,21): warning C4456: “pstr”的声明隐藏了上一个本地声明
E:\Code\GKD\ToolKits\duilib\Core\WindowBuilder.cpp(60,10): message : 参见“pstr”的声明
E:\Code\GKD\ToolKits\duilib\Core\WindowBuilder.cpp(132,21): warning C4456: “pstr”的声明隐藏了上一个本地声明
E:\Code\GKD\ToolKits\duilib\Core\WindowBuilder.cpp(60,10): message : 参见“pstr”的声明
E:\Code\GKD\ToolKits\duilib\Core\WindowBuilder.cpp(143,21): warning C4456: “pstr”的声明隐藏了上一个本地声明
E:\Code\GKD\ToolKits\duilib\Core\WindowBuilder.cpp(60,10): message : 参见“pstr”的声明
E:\Code\GKD\ToolKits\duilib\Core\WindowBuilder.cpp(149,21): warning C4456: “pstr”的声明隐藏了上一个本地声明
E:\Code\GKD\ToolKits\duilib\Core\WindowBuilder.cpp(60,10): message : 参见“pstr”的声明
E:\Code\GKD\ToolKits\duilib\Core\WindowBuilder.cpp(155,21): warning C4456: “pstr”的声明隐藏了上一个本地声明
E:\Code\GKD\ToolKits\duilib\Core\WindowBuilder.cpp(60,10): message : 参见“pstr”的声明
E:\Code\GKD\ToolKits\duilib\Core\WindowBuilder.cpp(168,21): warning C4456: “pstr”的声明隐藏了上一个本地声明
E:\Code\GKD\ToolKits\duilib\Core\WindowBuilder.cpp(60,10): message : 参见“pstr”的声明
E:\Code\GKD\ToolKits\duilib\Core\WindowBuilder.cpp(177,21): warning C4456: “pstr”的声明隐藏了上一个本地声明
E:\Code\GKD\ToolKits\duilib\Core\WindowBuilder.cpp(60,10): message : 参见“pstr”的声明
  GlobalManager.cpp
E:\Code\GKD\ToolKits\duilib\Core\GlobalManager.cpp(535,7): warning C4189: “box”: 局部变量已初始化但不引用
D:\Microsoft Visual Studio\2019\Community\VC\Tools\MSVC\14.27.29110\include\memory(2402,9): warning C5205: 删除具有非虚拟析构函数的抽象类 "ui::IRenderFactory" 将导致未定义的行为
E:\Code\GKD\ToolKits\duilib\Render\IRender.h(220): message : 参见“ui::IRenderFactory”的声明
D:\Microsoft Visual Studio\2019\Community\VC\Tools\MSVC\14.27.29110\include\memory(2400): message : 在编译 类 模板 成员函数“void std::default_delete<ui::IRenderFactory>::operator ()(_Ty *) noexcept const”时
          with
          [
              _Ty=ui::IRenderFactory
          ]
D:\Microsoft Visual Studio\2019\Community\VC\Tools\MSVC\14.27.29110\include\memory(2547): message : 查看对正在编译的函数 模板 实例化“void std::default_delete<ui::IRenderFactory>::operator ()(_Ty *) noexcept const”的引用
          with
          [
              _Ty=ui::IRenderFactory
          ]
D:\Microsoft Visual Studio\2019\Community\VC\Tools\MSVC\14.27.29110\include\memory(2439): message : 查看对正在编译的 类 模板 实例化“std::default_delete<ui::IRenderFactory>”的引用
E:\Code\GKD\ToolKits\duilib\Core\GlobalManager.cpp(31): message : 查看对正在编译的 类 模板 实例化“std::unique_ptr<ui::IRenderFactory,std::default_delete<ui::IRenderFactory>>”的引用
  Markup.cpp
  Combo.cpp
  List.cpp
E:\Code\GKD\ToolKits\duilib\Control\List.cpp(226,23): warning C4457: “pControl”的声明隐藏了函数参数
E:\Code\GKD\ToolKits\duilib\Control\List.cpp(214,37): message : 参见“pControl”的声明
  Progress.cpp
  RichEdit.cpp
E:\Code\GKD\ToolKits\base\thread\thread_local.h(80,1): warning C4312: “reinterpret_cast”: 从“int”转换到更大的“void *”
E:\Code\GKD\ToolKits\duilib\Control\RichEdit.cpp(806,36): warning C4458: “fWordWrap”的声明隐藏了类成员
E:\Code\GKD\ToolKits\duilib\Control\RichEdit.cpp(182,14): message : 参见“ui::CTxtWinHost::fWordWrap”的声明
E:\Code\GKD\ToolKits\duilib\Control\RichEdit.cpp(915,37): warning C4458: “fAllowBeep”的声明隐藏了类成员
E:\Code\GKD\ToolKits\duilib\Control\RichEdit.cpp(183,14): message : 参见“ui::CTxtWinHost::fAllowBeep”的声明
E:\Code\GKD\ToolKits\duilib\Control\RichEdit.cpp(2393,34): warning C4302: “类型强制转换”: 从“LPWSTR”到“WORD”截断
E:\Code\GKD\ToolKits\duilib\Control\RichEdit.cpp(2400,34): warning C4302: “类型强制转换”: 从“LPWSTR”到“WORD”截断
  ScrollBar.cpp
E:\Code\GKD\ToolKits\duilib\Control\ScrollBar.cpp(445,35): warning C4302: “类型强制转换”: 从“LPWSTR”到“WORD”截断
E:\Code\GKD\ToolKits\duilib\Control\ScrollBar.cpp(449,35): warning C4302: “类型强制转换”: 从“LPWSTR”到“WORD”截断
  正在编译...
  Slider.cpp
  TreeView.cpp
  UnZip.cpp
E:\Code\GKD\ToolKits\duilib\Utils\UnZip.cpp(3508,21): warning C4457: “buf”的声明隐藏了函数参数
E:\Code\GKD\ToolKits\duilib\Utils\UnZip.cpp(3475,46): message : 参见“buf”的声明
  WinImplBase.cpp
  duilib.vcxproj -> E:\Code\GKD\ToolKits\duilib\Libs\duilib.lib
