e:\code\gkd\toolkits\duilib\tmp\duilib_d.pch
e:\code\gkd\toolkits\duilib\tmp\duilib.pdb
e:\code\gkd\toolkits\duilib\tmp\stdafx.obj
e:\code\gkd\toolkits\duilib\tmp\pen.obj
e:\code\gkd\toolkits\duilib\tmp\path.obj
e:\code\gkd\toolkits\duilib\tmp\matrix.obj
e:\code\gkd\toolkits\duilib\tmp\irender.obj
e:\code\gkd\toolkits\duilib\tmp\factory.obj
e:\code\gkd\toolkits\duilib\tmp\clip.obj
e:\code\gkd\toolkits\duilib\tmp\brush.obj
e:\code\gkd\toolkits\duilib\tmp\bitmap.obj
e:\code\gkd\toolkits\duilib\tmp\placeholder.obj
e:\code\gkd\toolkits\duilib\tmp\image.obj
e:\code\gkd\toolkits\duilib\tmp\define.obj
e:\code\gkd\toolkits\duilib\tmp\virtuallistbox.obj
e:\code\gkd\toolkits\duilib\tmp\circleprogress.obj
e:\code\gkd\toolkits\duilib\tmp\vbox.obj
e:\code\gkd\toolkits\duilib\tmp\tilebox.obj
e:\code\gkd\toolkits\duilib\tmp\tabbox.obj
e:\code\gkd\toolkits\duilib\tmp\hbox.obj
e:\code\gkd\toolkits\duilib\tmp\childbox.obj
e:\code\gkd\toolkits\duilib\tmp\animationplayer.obj
e:\code\gkd\toolkits\duilib\tmp\animationmanager.obj
e:\code\gkd\toolkits\duilib\tmp\scrollbar.obj
e:\code\gkd\toolkits\duilib\tmp\richedit.obj
e:\code\gkd\toolkits\duilib\tmp\progress.obj
e:\code\gkd\toolkits\duilib\tmp\list.obj
e:\code\gkd\toolkits\duilib\tmp\combo.obj
e:\code\gkd\toolkits\duilib\tmp\markup.obj
e:\code\gkd\toolkits\duilib\tmp\globalmanager.obj
e:\code\gkd\toolkits\duilib\tmp\windowbuilder.obj
e:\code\gkd\toolkits\duilib\tmp\control.obj
e:\code\gkd\toolkits\duilib\tmp\box.obj
e:\code\gkd\toolkits\duilib\tmp\window.obj
e:\code\gkd\toolkits\duilib\tmp\timermanager.obj
e:\code\gkd\toolkits\duilib\tmp\stringutil.obj
e:\code\gkd\toolkits\duilib\tmp\shadow.obj
e:\code\gkd\toolkits\duilib\tmp\onscreenkeyboardmanager.obj
e:\code\gkd\toolkits\duilib\tmp\multilangsupport.obj
e:\code\gkd\toolkits\duilib\tmp\dpimanager.obj
e:\code\gkd\toolkits\duilib\tmp\apiwrapper.obj
e:\code\gkd\toolkits\duilib\tmp\uilib.obj
e:\code\gkd\toolkits\duilib\tmp\render.obj
e:\code\gkd\toolkits\duilib\tmp\winimplbase.obj
e:\code\gkd\toolkits\duilib\tmp\unzip.obj
e:\code\gkd\toolkits\duilib\tmp\treeview.obj
e:\code\gkd\toolkits\duilib\tmp\slider.obj
e:\code\gkd\toolkits\duilib\libs\duilib_d.lib
e:\code\gkd\toolkits\duilib\tmp\duilib.tlog\cl.command.1.tlog
e:\code\gkd\toolkits\duilib\tmp\duilib.tlog\cl.read.1.tlog
e:\code\gkd\toolkits\duilib\tmp\duilib.tlog\cl.write.1.tlog
e:\code\gkd\toolkits\duilib\tmp\duilib.tlog\lib-link.read.1.tlog
e:\code\gkd\toolkits\duilib\tmp\duilib.tlog\lib-link.write.1.tlog
e:\code\gkd\toolkits\duilib\tmp\duilib.tlog\lib.command.1.tlog
