e:\code\gkd\toolkits\base\tmp\base.pdb
e:\code\gkd\toolkits\base\tmp\base.idb
e:\code\gkd\toolkits\base\tmp\atomicops_internals_x86_gcc.obj
e:\code\gkd\toolkits\base\tmp\waitable_event_win.obj
e:\code\gkd\toolkits\base\tmp\waitable_event_posix.obj
e:\code\gkd\toolkits\base\tmp\semaphore_win.obj
e:\code\gkd\toolkits\base\tmp\semaphore_posix.obj
e:\code\gkd\toolkits\base\tmp\lock_win.obj
e:\code\gkd\toolkits\base\tmp\lock_posix.obj
e:\code\gkd\toolkits\base\tmp\network_util.obj
e:\code\gkd\toolkits\base\tmp\cpu.obj
e:\code\gkd\toolkits\base\tmp\win_ui_message_pump.obj
e:\code\gkd\toolkits\base\tmp\win_message_pump.obj
e:\code\gkd\toolkits\base\tmp\win_io_message_pump.obj
e:\code\gkd\toolkits\base\tmp\message_pump.obj
e:\code\gkd\toolkits\base\tmp\message_loop_proxy.obj
e:\code\gkd\toolkits\base\tmp\message_loop.obj
e:\code\gkd\toolkits\base\tmp\default_message_pump.obj
e:\code\gkd\toolkits\base\tmp\file_util_win.obj
e:\code\gkd\toolkits\base\tmp\file_util_posix.obj
e:\code\gkd\toolkits\base\tmp\file_util.obj
e:\code\gkd\toolkits\base\tmp\des.obj
e:\code\gkd\toolkits\base\tmp\shared_memory.obj
e:\code\gkd\toolkits\base\tmp\security_util.obj
e:\code\gkd\toolkits\base\tmp\base.tlog\cl.command.1.tlog
e:\code\gkd\toolkits\base\tmp\base.tlog\cl.read.1.tlog
e:\code\gkd\toolkits\base\tmp\base.tlog\cl.write.1.tlog
