  des.cpp
  file_util.cpp
  file_util_posix.cpp
  file_util_win.cpp
  default_message_pump.cpp
  message_loop.cpp
E:\Code\GKD\ToolKits\base\thread\thread_local.h(80,1): warning C4312: “reinterpret_cast”: 从“int”转换到更大的“void *”
  message_loop_proxy.cpp
  message_pump.cpp
  win_io_message_pump.cpp
  win_message_pump.cpp
  win_ui_message_pump.cpp
  cpu.cpp
  network_util.cpp
  lock_posix.cpp
  lock_win.cpp
  semaphore_posix.cpp
  semaphore_win.cpp
  waitable_event_posix.cpp
  waitable_event_win.cpp
  atomicops_internals_x86_gcc.cc
  正在编译...
  modp_b64.cc
  framework_thread.cpp
E:\Code\GKD\ToolKits\base\thread\thread_local.h(80,1): warning C4312: “reinterpret_cast”: 从“int”转换到更大的“void *”
D:\Microsoft Visual Studio\2019\Community\VC\Tools\MSVC\14.27.29110\include\memory(569,9): warning C5205: 删除具有非虚拟析构函数的抽象类 "nbase::FrameworkThread::CustomMessageLoopFactory" 将导致未定义的行为
E:\Code\GKD\ToolKits\base\thread\framework_thread.h(47): message : 参见“nbase::FrameworkThread::CustomMessageLoopFactory”的声明
D:\Microsoft Visual Studio\2019\Community\VC\Tools\MSVC\14.27.29110\include\memory(568): message : 在编译 类 模板 成员函数“void std::_Ref_count<_Ux>::_Destroy(void) noexcept”时
          with
          [
              _Ux=nbase::FrameworkThread::CustomMessageLoopFactory
          ]
D:\Microsoft Visual Studio\2019\Community\VC\Tools\MSVC\14.27.29110\include\memory(930): message : 查看对正在编译的 类 模板 实例化“std::_Ref_count<_Ux>”的引用
          with
          [
              _Ux=nbase::FrameworkThread::CustomMessageLoopFactory
          ]
D:\Microsoft Visual Studio\2019\Community\VC\Tools\MSVC\14.27.29110\include\memory(1082): message : 查看对正在编译的函数 模板 实例化“std::shared_ptr<nbase::FrameworkThread::CustomMessageLoopFactory>::shared_ptr<_Ux,0>(_Ux *)”的引用
          with
          [
              _Ux=nbase::FrameworkThread::CustomMessageLoopFactory
          ]
D:\Microsoft Visual Studio\2019\Community\VC\Tools\MSVC\14.27.29110\include\memory(1082): message : 查看对正在编译的函数 模板 实例化“std::shared_ptr<nbase::FrameworkThread::CustomMessageLoopFactory>::shared_ptr<_Ux,0>(_Ux *)”的引用
          with
          [
              _Ux=nbase::FrameworkThread::CustomMessageLoopFactory
          ]
E:\Code\GKD\ToolKits\base\thread\framework_thread.cpp(79): message : 查看对正在编译的函数 模板 实例化“void std::shared_ptr<nbase::FrameworkThread::CustomMessageLoopFactory>::reset<nbase::FrameworkThread::CustomMessageLoopFactory>(_Ux *)”的引用
          with
          [
              _Ux=nbase::FrameworkThread::CustomMessageLoopFactory
          ]
E:\Code\GKD\ToolKits\base\thread\framework_thread.cpp(79): message : 查看对正在编译的函数 模板 实例化“void std::shared_ptr<nbase::FrameworkThread::CustomMessageLoopFactory>::reset<nbase::FrameworkThread::CustomMessageLoopFactory>(_Ux *)”的引用
          with
          [
              _Ux=nbase::FrameworkThread::CustomMessageLoopFactory
          ]
D:\Microsoft Visual Studio\2019\Community\VC\Tools\MSVC\14.27.29110\include\memory(884,9): warning C5205: 删除具有非虚拟析构函数的抽象类 "nbase::FrameworkThread::CustomMessageLoopFactory" 将导致未定义的行为
E:\Code\GKD\ToolKits\base\thread\framework_thread.h(47): message : 参见“nbase::FrameworkThread::CustomMessageLoopFactory”的声明
D:\Microsoft Visual Studio\2019\Community\VC\Tools\MSVC\14.27.29110\include\memory(883): message : 在编译 类 模板 成员函数“std::_Temporary_owner<_Ux>::~_Temporary_owner(void)”时
          with
          [
              _Ux=nbase::FrameworkThread::CustomMessageLoopFactory
          ]
D:\Microsoft Visual Studio\2019\Community\VC\Tools\MSVC\14.27.29110\include\memory(929): message : 查看对正在编译的函数 模板 实例化“std::_Temporary_owner<_Ux>::~_Temporary_owner(void)”的引用
          with
          [
              _Ux=nbase::FrameworkThread::CustomMessageLoopFactory
          ]
D:\Microsoft Visual Studio\2019\Community\VC\Tools\MSVC\14.27.29110\include\memory(929): message : 查看对正在编译的 类 模板 实例化“std::_Temporary_owner<_Ux>”的引用
          with
          [
              _Ux=nbase::FrameworkThread::CustomMessageLoopFactory
          ]
  thread_local_posix.cpp
E:\Code\GKD\ToolKits\base\thread\thread_local.h(80,1): warning C4312: “reinterpret_cast”: 从“int”转换到更大的“void *”
  thread_local_win.cpp
E:\Code\GKD\ToolKits\base\thread\thread_local.h(80,1): warning C4312: “reinterpret_cast”: 从“int”转换到更大的“void *”
  thread_manager.cpp
E:\Code\GKD\ToolKits\base\thread\thread_local.h(80,1): warning C4312: “reinterpret_cast”: 从“int”转换到更大的“void *”
  thread_posix.cpp
  thread_win.cpp
  time.cpp
  time_posix.cpp
  time_win.cpp
  at_exit.cpp
  base64.cpp
  cmd_line_args.cpp
  string_number_conversions.cpp
  string_util.cpp
  object_watcher.cpp
  path_util.cpp
  platform_string_util.cpp
  security_util.cpp
  shared_memory.cpp
  正在编译...
  win_util.cpp
  ConvertUTF.c
  base.vcxproj -> E:\Code\GKD\ToolKits\base\Libs\base.lib
