c:\users\administrator\source\repos\gkd\toolkits\tmp\base.pdb
c:\users\administrator\source\repos\gkd\toolkits\tmp\base.idb
c:\users\administrator\source\repos\gkd\toolkits\tmp\atomicops_internals_x86_gcc.obj
c:\users\administrator\source\repos\gkd\toolkits\tmp\waitable_event_win.obj
c:\users\administrator\source\repos\gkd\toolkits\tmp\waitable_event_posix.obj
c:\users\administrator\source\repos\gkd\toolkits\tmp\semaphore_win.obj
c:\users\administrator\source\repos\gkd\toolkits\tmp\semaphore_posix.obj
c:\users\administrator\source\repos\gkd\toolkits\tmp\lock_win.obj
c:\users\administrator\source\repos\gkd\toolkits\tmp\lock_posix.obj
c:\users\administrator\source\repos\gkd\toolkits\tmp\network_util.obj
c:\users\administrator\source\repos\gkd\toolkits\tmp\cpu.obj
c:\users\administrator\source\repos\gkd\toolkits\tmp\win_ui_message_pump.obj
c:\users\administrator\source\repos\gkd\toolkits\tmp\win_message_pump.obj
c:\users\administrator\source\repos\gkd\toolkits\tmp\win_io_message_pump.obj
c:\users\administrator\source\repos\gkd\toolkits\tmp\message_pump.obj
c:\users\administrator\source\repos\gkd\toolkits\tmp\message_loop_proxy.obj
c:\users\administrator\source\repos\gkd\toolkits\tmp\message_loop.obj
c:\users\administrator\source\repos\gkd\toolkits\tmp\default_message_pump.obj
c:\users\administrator\source\repos\gkd\toolkits\tmp\file_util_win.obj
c:\users\administrator\source\repos\gkd\toolkits\tmp\file_util_posix.obj
c:\users\administrator\source\repos\gkd\toolkits\tmp\file_util.obj
c:\users\administrator\source\repos\gkd\toolkits\tmp\des.obj
c:\users\administrator\source\repos\gkd\toolkits\tmp\shared_memory.obj
c:\users\administrator\source\repos\gkd\toolkits\tmp\security_util.obj
c:\users\administrator\source\repos\gkd\toolkits\tmp\platform_string_util.obj
c:\users\administrator\source\repos\gkd\toolkits\tmp\path_util.obj
c:\users\administrator\source\repos\gkd\toolkits\tmp\object_watcher.obj
c:\users\administrator\source\repos\gkd\toolkits\tmp\string_util.obj
c:\users\administrator\source\repos\gkd\toolkits\tmp\string_number_conversions.obj
c:\users\administrator\source\repos\gkd\toolkits\tmp\cmd_line_args.obj
c:\users\administrator\source\repos\gkd\toolkits\tmp\base64.obj
c:\users\administrator\source\repos\gkd\toolkits\tmp\at_exit.obj
c:\users\administrator\source\repos\gkd\toolkits\tmp\time_win.obj
c:\users\administrator\source\repos\gkd\toolkits\tmp\time_posix.obj
c:\users\administrator\source\repos\gkd\toolkits\tmp\time.obj
c:\users\administrator\source\repos\gkd\toolkits\tmp\thread_win.obj
c:\users\administrator\source\repos\gkd\toolkits\tmp\thread_posix.obj
c:\users\administrator\source\repos\gkd\toolkits\tmp\thread_manager.obj
c:\users\administrator\source\repos\gkd\toolkits\tmp\thread_local_win.obj
c:\users\administrator\source\repos\gkd\toolkits\tmp\thread_local_posix.obj
c:\users\administrator\source\repos\gkd\toolkits\tmp\framework_thread.obj
c:\users\administrator\source\repos\gkd\toolkits\tmp\modp_b64.obj
c:\users\administrator\source\repos\gkd\toolkits\tmp\win_util.obj
c:\users\administrator\source\repos\gkd\toolkits\tmp\convertutf.obj
c:\users\administrator\source\repos\gkd\toolkits\libs\base_d.lib
c:\users\administrator\source\repos\gkd\toolkits\tmp\animationmanager.obj
c:\users\administrator\source\repos\gkd\toolkits\tmp\animationplayer.obj
c:\users\administrator\source\repos\gkd\toolkits\tmp\apiwrapper.obj
c:\users\administrator\source\repos\gkd\toolkits\tmp\bitmap.obj
c:\users\administrator\source\repos\gkd\toolkits\tmp\box.obj
c:\users\administrator\source\repos\gkd\toolkits\tmp\brush.obj
c:\users\administrator\source\repos\gkd\toolkits\tmp\childbox.obj
c:\users\administrator\source\repos\gkd\toolkits\tmp\circleprogress.obj
c:\users\administrator\source\repos\gkd\toolkits\tmp\clip.obj
c:\users\administrator\source\repos\gkd\toolkits\tmp\combo.obj
c:\users\administrator\source\repos\gkd\toolkits\tmp\control.obj
c:\users\administrator\source\repos\gkd\toolkits\tmp\define.obj
c:\users\administrator\source\repos\gkd\toolkits\tmp\dpimanager.obj
c:\users\administrator\source\repos\gkd\toolkits\tmp\factory.obj
c:\users\administrator\source\repos\gkd\toolkits\tmp\globalmanager.obj
c:\users\administrator\source\repos\gkd\toolkits\tmp\hbox.obj
c:\users\administrator\source\repos\gkd\toolkits\tmp\image.obj
c:\users\administrator\source\repos\gkd\toolkits\tmp\irender.obj
c:\users\administrator\source\repos\gkd\toolkits\tmp\list.obj
c:\users\administrator\source\repos\gkd\toolkits\tmp\markup.obj
c:\users\administrator\source\repos\gkd\toolkits\tmp\matrix.obj
c:\users\administrator\source\repos\gkd\toolkits\tmp\multilangsupport.obj
c:\users\administrator\source\repos\gkd\toolkits\tmp\onscreenkeyboardmanager.obj
c:\users\administrator\source\repos\gkd\toolkits\tmp\path.obj
c:\users\administrator\source\repos\gkd\toolkits\tmp\pen.obj
c:\users\administrator\source\repos\gkd\toolkits\tmp\placeholder.obj
c:\users\administrator\source\repos\gkd\toolkits\tmp\progress.obj
c:\users\administrator\source\repos\gkd\toolkits\tmp\render.obj
c:\users\administrator\source\repos\gkd\toolkits\tmp\richedit.obj
c:\users\administrator\source\repos\gkd\toolkits\tmp\scrollbar.obj
c:\users\administrator\source\repos\gkd\toolkits\tmp\shadow.obj
c:\users\administrator\source\repos\gkd\toolkits\tmp\slider.obj
c:\users\administrator\source\repos\gkd\toolkits\tmp\stdafx.obj
c:\users\administrator\source\repos\gkd\toolkits\tmp\stringutil.obj
c:\users\administrator\source\repos\gkd\toolkits\tmp\tabbox.obj
c:\users\administrator\source\repos\gkd\toolkits\tmp\tilebox.obj
c:\users\administrator\source\repos\gkd\toolkits\tmp\timermanager.obj
c:\users\administrator\source\repos\gkd\toolkits\tmp\treeview.obj
c:\users\administrator\source\repos\gkd\toolkits\tmp\uilib.obj
c:\users\administrator\source\repos\gkd\toolkits\tmp\unzip.obj
c:\users\administrator\source\repos\gkd\toolkits\tmp\vbox.obj
c:\users\administrator\source\repos\gkd\toolkits\tmp\virtuallistbox.obj
c:\users\administrator\source\repos\gkd\toolkits\tmp\window.obj
c:\users\administrator\source\repos\gkd\toolkits\tmp\windowbuilder.obj
c:\users\administrator\source\repos\gkd\toolkits\tmp\winimplbase.obj
c:\users\administrator\source\repos\gkd\toolkits\tmp\duilib_d.pch
c:\users\administrator\source\repos\gkd\toolkits\tmp\duilib.idb
c:\users\administrator\source\repos\gkd\toolkits\tmp\duilib.pdb
c:\users\administrator\source\repos\gkd\toolkits\base\..\libs\base_d.lib
c:\users\administrator\source\repos\gkd\toolkits\tmp\base.tlog\cl.command.1.tlog
c:\users\administrator\source\repos\gkd\toolkits\tmp\base.tlog\cl.read.1.tlog
c:\users\administrator\source\repos\gkd\toolkits\tmp\base.tlog\cl.write.1.tlog
c:\users\administrator\source\repos\gkd\toolkits\tmp\base.tlog\lib-link.read.1.tlog
c:\users\administrator\source\repos\gkd\toolkits\tmp\base.tlog\lib-link.write.1.tlog
c:\users\administrator\source\repos\gkd\toolkits\tmp\base.tlog\lib.command.1.tlog
