c:\users\administrator\source\repos\gkd\toolkits\tmp\duilib_d.pch
c:\users\administrator\source\repos\gkd\toolkits\tmp\duilib.pdb
c:\users\administrator\source\repos\gkd\toolkits\tmp\duilib.idb
c:\users\administrator\source\repos\gkd\toolkits\tmp\stdafx.obj
c:\users\administrator\source\repos\gkd\toolkits\tmp\multilangsupport.obj
c:\users\administrator\source\repos\gkd\toolkits\tmp\onscreenkeyboardmanager.obj
c:\users\administrator\source\repos\gkd\toolkits\tmp\shadow.obj
c:\users\administrator\source\repos\gkd\toolkits\tmp\stringutil.obj
c:\users\administrator\source\repos\gkd\toolkits\tmp\timermanager.obj
c:\users\administrator\source\repos\gkd\toolkits\tmp\window.obj
c:\users\administrator\source\repos\gkd\toolkits\tmp\box.obj
c:\users\administrator\source\repos\gkd\toolkits\tmp\control.obj
c:\users\administrator\source\repos\gkd\toolkits\tmp\windowbuilder.obj
c:\users\administrator\source\repos\gkd\toolkits\tmp\globalmanager.obj
c:\users\administrator\source\repos\gkd\toolkits\tmp\markup.obj
c:\users\administrator\source\repos\gkd\toolkits\tmp\combo.obj
c:\users\administrator\source\repos\gkd\toolkits\tmp\list.obj
c:\users\administrator\source\repos\gkd\toolkits\tmp\progress.obj
c:\users\administrator\source\repos\gkd\toolkits\tmp\richedit.obj
c:\users\administrator\source\repos\gkd\toolkits\tmp\scrollbar.obj
c:\users\administrator\source\repos\gkd\toolkits\tmp\slider.obj
c:\users\administrator\source\repos\gkd\toolkits\tmp\treeview.obj
c:\users\administrator\source\repos\gkd\toolkits\tmp\unzip.obj
c:\users\administrator\source\repos\gkd\toolkits\tmp\winimplbase.obj
c:\users\administrator\source\repos\gkd\toolkits\tmp\tabbox.obj
c:\users\administrator\source\repos\gkd\toolkits\tmp\tilebox.obj
c:\users\administrator\source\repos\gkd\toolkits\tmp\vbox.obj
c:\users\administrator\source\repos\gkd\toolkits\tmp\circleprogress.obj
c:\users\administrator\source\repos\gkd\toolkits\tmp\virtuallistbox.obj
c:\users\administrator\source\repos\gkd\toolkits\tmp\define.obj
c:\users\administrator\source\repos\gkd\toolkits\tmp\image.obj
c:\users\administrator\source\repos\gkd\toolkits\tmp\placeholder.obj
c:\users\administrator\source\repos\gkd\toolkits\tmp\bitmap.obj
c:\users\administrator\source\repos\gkd\toolkits\tmp\brush.obj
c:\users\administrator\source\repos\gkd\toolkits\tmp\clip.obj
c:\users\administrator\source\repos\gkd\toolkits\tmp\factory.obj
c:\users\administrator\source\repos\gkd\toolkits\tmp\irender.obj
c:\users\administrator\source\repos\gkd\toolkits\tmp\matrix.obj
c:\users\administrator\source\repos\gkd\toolkits\tmp\path.obj
c:\users\administrator\source\repos\gkd\toolkits\tmp\pen.obj
c:\users\administrator\source\repos\gkd\toolkits\tmp\render.obj
c:\users\administrator\source\repos\gkd\toolkits\tmp\uilib.obj
c:\users\administrator\source\repos\gkd\toolkits\tmp\apiwrapper.obj
c:\users\administrator\source\repos\gkd\toolkits\tmp\dpimanager.obj
c:\users\administrator\source\repos\gkd\toolkits\tmp\animationmanager.obj
c:\users\administrator\source\repos\gkd\toolkits\tmp\animationplayer.obj
c:\users\administrator\source\repos\gkd\toolkits\tmp\childbox.obj
c:\users\administrator\source\repos\gkd\toolkits\tmp\hbox.obj
c:\users\administrator\source\repos\gkd\toolkits\libs\duilib_d.lib
c:\users\administrator\source\repos\gkd\toolkits\duilib\..\libs\duilib_d.lib
c:\users\administrator\source\repos\gkd\toolkits\tmp\duilib.tlog\cl.command.1.tlog
c:\users\administrator\source\repos\gkd\toolkits\tmp\duilib.tlog\cl.read.1.tlog
c:\users\administrator\source\repos\gkd\toolkits\tmp\duilib.tlog\cl.write.1.tlog
c:\users\administrator\source\repos\gkd\toolkits\tmp\duilib.tlog\lib-link.read.1.tlog
c:\users\administrator\source\repos\gkd\toolkits\tmp\duilib.tlog\lib-link.write.1.tlog
c:\users\administrator\source\repos\gkd\toolkits\tmp\duilib.tlog\lib.command.1.tlog
