c:\users\administrator\source\repos\gkd\gkd\tmp\vc141.pdb
c:\users\administrator\source\repos\gkd\gkd\tmp\vc141.idb
c:\users\administrator\source\repos\gkd\gkd\tmp\workerthread.obj
c:\users\administrator\source\repos\gkd\gkd\tmp\mainthread.obj
c:\users\administrator\source\repos\gkd\gkd\tmp\mainform.obj
c:\users\administrator\source\repos\gkd\gkd\tmp\vc142.pdb
c:\users\administrator\source\repos\gkd\gkd\tmp\vc142.idb
c:\users\administrator\source\repos\gkd\gkd\bin\gkd.ilk
c:\users\administrator\source\repos\gkd\gkd\bin\gkd.exe
c:\users\administrator\source\repos\gkd\gkd\bin\gkd.pdb
c:\users\administrator\source\repos\gkd\gkd\tmp\gkd.res
c:\users\administrator\source\repos\gkd\gkd\\bin\gkd.pdb
c:\users\administrator\source\repos\gkd\gkd\\bin\gkd.exe
c:\users\administrator\source\repos\gkd\gkd\\bin\gkd.ilk
c:\users\administrator\source\repos\gkd\gkd\tmp\gkd.tlog\cl.command.1.tlog
c:\users\administrator\source\repos\gkd\gkd\tmp\gkd.tlog\cl.read.1.tlog
c:\users\administrator\source\repos\gkd\gkd\tmp\gkd.tlog\cl.write.1.tlog
c:\users\administrator\source\repos\gkd\gkd\tmp\gkd.tlog\link.command.1.tlog
c:\users\administrator\source\repos\gkd\gkd\tmp\gkd.tlog\link.read.1.tlog
c:\users\administrator\source\repos\gkd\gkd\tmp\gkd.tlog\link.write.1.tlog
c:\users\administrator\source\repos\gkd\gkd\tmp\gkd.tlog\rc.command.1.tlog
c:\users\administrator\source\repos\gkd\gkd\tmp\gkd.tlog\rc.read.1.tlog
c:\users\administrator\source\repos\gkd\gkd\tmp\gkd.tlog\rc.write.1.tlog
